<?xml version="1.0" encoding="UTF-8"?>
<testng-results ignored="0" total="1" passed="1" failed="0" skipped="0">
  <reporter-output>
  </reporter-output>
  <suite started-at="2023-04-18T18:00:13Z" name="Default suite" finished-at="2023-04-18T18:00:13Z" duration-ms="74">
    <groups>
    </groups>
    <test started-at="2023-04-18T18:00:13Z" name="Default test" finished-at="2023-04-18T18:00:13Z" duration-ms="74">
      <class name="com.test.vagrant.tech.tests.ProblemStatement">
        <test-method signature="verifyForeignPlayersTeamSize()[pri:0, instance:com.test.vagrant.tech.tests.ProblemStatement@336f1079]" started-at="2023-04-18T18:00:13Z" name="verifyForeignPlayersTeamSize" finished-at="2023-04-18T18:00:13Z" duration-ms="57" status="PASS">
          <reporter-output>
          </reporter-output>
        </test-method> <!-- verifyForeignPlayersTeamSize -->
      </class> <!-- com.test.vagrant.tech.tests.ProblemStatement -->
    </test> <!-- Default test -->
  </suite> <!-- Default suite -->
</testng-results>
