<?xml version="1.0" encoding="UTF-8"?>
<!-- Generated by org.testng.reporters.JUnitXMLReporter -->
<testsuite ignored="0" hostname="DESKTOP-3HKGQMM" failures="0" tests="2" name="Default test" time="0.043" errors="0" timestamp="19 Apr 2023 13:17:29 GMT">
  <testcase classname="com.test.vagrant.tech.tests.ProblemStatement" name="verifyForeignPlayersCount" time="0.013"/>
  <testcase classname="com.test.vagrant.tech.tests.ProblemStatement" name="verifyWicketKeepersPresence" time="0.002"/>
</testsuite> <!-- Default test -->
